<?xml version="1.0" encoding="UTF-8"?>
<testng-results skipped="0" failed="0" total="0" passed="0">
  <reporter-output>
  </reporter-output>
  <suite name="exceldata.AppTest" duration-ms="2" started-at="2017-08-13T00:54:00Z" finished-at="2017-08-13T00:54:00Z">
    <groups>
    </groups>
    <test name="Command line test" duration-ms="2" started-at="2017-08-13T00:54:00Z" finished-at="2017-08-13T00:54:00Z">
    </test> <!-- Command line test -->
  </suite> <!-- exceldata.AppTest -->
</testng-results>
